#! /usr/bin/vvp
:ivl_version "12.0 (stable)";
:ivl_delay_selection "TYPICAL";
:vpi_time_precision - 12;
:vpi_module "/usr/lib/x86_64-linux-gnu/ivl/system.vpi";
:vpi_module "/usr/lib/x86_64-linux-gnu/ivl/vhdl_sys.vpi";
:vpi_module "/usr/lib/x86_64-linux-gnu/ivl/vhdl_textio.vpi";
:vpi_module "/usr/lib/x86_64-linux-gnu/ivl/v2005_math.vpi";
:vpi_module "/usr/lib/x86_64-linux-gnu/ivl/va_math.vpi";
:vpi_module "/usr/lib/x86_64-linux-gnu/ivl/v2009.vpi";
S_0x6548dd2ea400 .scope package, "$unit" "$unit" 2 1;
 .timescale 0 0;
S_0x6548dd2ea590 .scope module, "sirius_tb" "sirius_tb" 3 8;
 .timescale -9 -12;
v0x6548dd36f0a0_0 .var "clk", 0 0;
v0x6548dd36f160_0 .net "done", 0 0, v0x6548dd36d480_0;  1 drivers
v0x6548dd36f220 .array "mem", 1023 0, 31 0;
v0x6548dd36f2c0_0 .var "mem_ack", 0 0;
v0x6548dd36f360_0 .net "mem_addr", 31 0, L_0x6548dd37faf0;  1 drivers
v0x6548dd36f450_0 .var "mem_rdata", 31 0;
v0x6548dd36f4f0_0 .net "mem_req", 0 0, L_0x6548dd319480;  1 drivers
L_0x736700ece0a8 .functor BUFT 1, C4<00000000000000000000000000000000>, C4<0>, C4<0>, C4<0>;
v0x6548dd36f590_0 .net "mem_wdata", 31 0, L_0x736700ece0a8;  1 drivers
L_0x736700ece138 .functor BUFT 1, C4<0>, C4<0>, C4<0>, C4<0>;
v0x6548dd36f630_0 .net "mem_we", 0 0, L_0x736700ece138;  1 drivers
L_0x736700ece0f0 .functor BUFT 1, C4<0000>, C4<0>, C4<0>, C4<0>;
v0x6548dd36f6d0_0 .net "mem_wstrb", 3 0, L_0x736700ece0f0;  1 drivers
v0x6548dd36f770_0 .var "rst_n", 0 0;
v0x6548dd36f810_0 .var "start", 0 0;
v0x6548dd36f8b0_0 .var "start_addr", 31 0;
E_0x6548dd311030 .event anyedge, v0x6548dd36d480_0;
E_0x6548dd310e10 .event posedge, v0x6548dd340260_0;
S_0x6548dd2f9c70 .scope begin, "$ivl_for_loop0" "$ivl_for_loop0" 3 105, 3 105 0, S_0x6548dd2ea590;
 .timescale -9 -12;
v0x6548dd340d20_0 .var/2s "i", 31 0;
S_0x6548dd366510 .scope module, "u_dut" "sirius_integration" 3 29, 4 6 0, S_0x6548dd2ea590;
 .timescale 0 0;
    .port_info 0 /INPUT 1 "clk";
    .port_info 1 /INPUT 1 "rst_n";
    .port_info 2 /INPUT 32 "start_addr";
    .port_info 3 /INPUT 1 "start";
    .port_info 4 /OUTPUT 1 "done";
    .port_info 5 /OUTPUT 32 "mem_addr";
    .port_info 6 /OUTPUT 32 "mem_wdata";
    .port_info 7 /OUTPUT 4 "mem_wstrb";
    .port_info 8 /OUTPUT 1 "mem_we";
    .port_info 9 /INPUT 32 "mem_rdata";
    .port_info 10 /OUTPUT 1 "mem_req";
    .port_info 11 /INPUT 1 "mem_ack";
P_0x6548dd3666c0 .param/l "DONE" 1 4 60, C4<10>;
P_0x6548dd366700 .param/l "IDLE" 1 4 58, C4<00>;
P_0x6548dd366740 .param/l "RUN" 1 4 59, C4<01>;
L_0x6548dd344f00 .functor AND 1, v0x6548dd36f810_0, L_0x6548dd36f950, C4<1>, C4<1>;
L_0x6548dd340140 .functor BUFZ 32, v0x6548dd36f450_0, C4<00000000000000000000000000000000>, C4<00000000000000000000000000000000>, C4<00000000000000000000000000000000>;
L_0x6548dd319480 .functor BUFZ 1, v0x6548dd36a7c0_0, C4<0>, C4<0>, C4<0>;
L_0x6548dd2e3ec0 .functor BUFZ 1, v0x6548dd36f2c0_0, C4<0>, C4<0>, C4<0>;
L_0x736700ece018 .functor BUFT 1, C4<00>, C4<0>, C4<0>, C4<0>;
v0x6548dd36ca10_0 .net/2u *"_ivl_0", 1 0, L_0x736700ece018;  1 drivers
v0x6548dd36cb10_0 .net *"_ivl_2", 0 0, L_0x6548dd36f950;  1 drivers
L_0x736700ece060 .functor BUFT 1, C4<00000000000000000000000000000000>, C4<0>, C4<0>, C4<0>;
v0x6548dd36cbd0_0 .net/2u *"_ivl_6", 31 0, L_0x736700ece060;  1 drivers
v0x6548dd36ccc0_0 .net "alu_rd", 4 0, v0x6548dd368ec0_0;  1 drivers
v0x6548dd36cd80_0 .net "alu_rd_valid", 0 0, v0x6548dd368fa0_0;  1 drivers
v0x6548dd36ce70_0 .net "alu_result", 31 0, v0x6548dd369040_0;  1 drivers
v0x6548dd36cf80_0 .net "clk", 0 0, v0x6548dd36f0a0_0;  1 drivers
v0x6548dd36d020_0 .net "dec_inst", 31 0, v0x6548dd340330_0;  1 drivers
v0x6548dd36d130_0 .net "dec_inst_valid", 0 0, v0x6548dd34ab70_0;  1 drivers
v0x6548dd36d260_0 .net "dec_rf_rdata1", 31 0, v0x6548dd3671a0_0;  1 drivers
v0x6548dd36d370_0 .net "dec_rf_rdata2", 31 0, v0x6548dd367280_0;  1 drivers
v0x6548dd36d480_0 .var "done", 0 0;
v0x6548dd36d540_0 .net "fetch_inst", 31 0, v0x6548dd36a2e0_0;  1 drivers
v0x6548dd36d650_0 .net "fetch_inst_ready", 0 0, v0x6548dd367600_0;  1 drivers
v0x6548dd36d740_0 .net "fetch_inst_valid", 0 0, v0x6548dd36a4a0_0;  1 drivers
v0x6548dd36d830_0 .net "fetch_mem_ack", 0 0, L_0x6548dd2e3ec0;  1 drivers
v0x6548dd36d8d0_0 .net "fetch_mem_addr", 31 0, v0x6548dd36a660_0;  1 drivers
v0x6548dd36da80_0 .net "fetch_mem_rdata", 31 0, L_0x6548dd340140;  1 drivers
v0x6548dd36db20_0 .net "fetch_mem_req", 0 0, v0x6548dd36a7c0_0;  1 drivers
v0x6548dd36dbc0_0 .net "fetch_pc", 31 0, v0x6548dd36a960_0;  1 drivers
v0x6548dd36dc60_0 .net "lsu_rd", 4 0, v0x6548dd36b180_0;  1 drivers
v0x6548dd36dd50_0 .net "lsu_rd_valid", 0 0, v0x6548dd36b240_0;  1 drivers
v0x6548dd36de40_0 .net "lsu_result", 31 0, v0x6548dd36b340_0;  1 drivers
v0x6548dd36df30_0 .net "mem_ack", 0 0, v0x6548dd36f2c0_0;  1 drivers
v0x6548dd36dff0_0 .net "mem_addr", 31 0, L_0x6548dd37faf0;  alias, 1 drivers
v0x6548dd36e0d0_0 .net "mem_rdata", 31 0, v0x6548dd36f450_0;  1 drivers
v0x6548dd36e1b0_0 .net "mem_req", 0 0, L_0x6548dd319480;  alias, 1 drivers
v0x6548dd36e270_0 .net "mem_wdata", 31 0, L_0x736700ece0a8;  alias, 1 drivers
v0x6548dd36e350_0 .net "mem_we", 0 0, L_0x736700ece138;  alias, 1 drivers
v0x6548dd36e410_0 .net "mem_wstrb", 3 0, L_0x736700ece0f0;  alias, 1 drivers
v0x6548dd36e4f0_0 .net "rf_raddr1", 4 0, v0x6548dd367ca0_0;  1 drivers
v0x6548dd36e600_0 .net "rf_raddr2", 4 0, v0x6548dd367d80_0;  1 drivers
v0x6548dd36e710_0 .net "rf_rdata1", 31 0, v0x6548dd36bdc0_0;  1 drivers
v0x6548dd36e820_0 .net "rf_rdata2", 31 0, v0x6548dd36be60_0;  1 drivers
v0x6548dd36e930_0 .net "rf_waddr", 4 0, v0x6548dd368020_0;  1 drivers
v0x6548dd36ea40_0 .net "rf_wdata", 31 0, v0x6548dd368100_0;  1 drivers
v0x6548dd36eb50_0 .net "rf_we", 0 0, v0x6548dd3681e0_0;  1 drivers
v0x6548dd36ec40_0 .net "rst_n", 0 0, v0x6548dd36f770_0;  1 drivers
v0x6548dd36ece0_0 .net "start", 0 0, v0x6548dd36f810_0;  1 drivers
v0x6548dd36eda0_0 .net "start_addr", 31 0, v0x6548dd36f8b0_0;  1 drivers
v0x6548dd36ee60_0 .var "state", 1 0;
L_0x6548dd36f950 .cmp/eq 2, v0x6548dd36ee60_0, L_0x736700ece018;
L_0x6548dd37faf0 .functor MUXZ 32, L_0x736700ece060, v0x6548dd36a660_0, v0x6548dd36a7c0_0, C4<>;
S_0x6548dd366a10 .scope module, "u_decode" "decode" 4 79, 5 6 0, S_0x6548dd366510;
 .timescale 0 0;
    .port_info 0 /INPUT 1 "clk";
    .port_info 1 /INPUT 1 "rst_n";
    .port_info 2 /INPUT 32 "inst";
    .port_info 3 /INPUT 1 "inst_valid";
    .port_info 4 /OUTPUT 1 "inst_ready";
    .port_info 5 /OUTPUT 5 "rf_raddr1";
    .port_info 6 /OUTPUT 5 "rf_raddr2";
    .port_info 7 /INPUT 32 "rf_rdata1";
    .port_info 8 /INPUT 32 "rf_rdata2";
    .port_info 9 /OUTPUT 32 "dec_inst";
    .port_info 10 /OUTPUT 1 "dec_inst_valid";
    .port_info 11 /OUTPUT 32 "dec_rf_rdata1";
    .port_info 12 /OUTPUT 32 "dec_rf_rdata2";
    .port_info 13 /INPUT 32 "alu_result";
    .port_info 14 /INPUT 5 "alu_rd";
    .port_info 15 /INPUT 1 "alu_rd_valid";
    .port_info 16 /INPUT 32 "lsu_result";
    .port_info 17 /INPUT 5 "lsu_rd";
    .port_info 18 /INPUT 1 "lsu_rd_valid";
    .port_info 19 /OUTPUT 32 "rf_wdata";
    .port_info 20 /OUTPUT 5 "rf_waddr";
    .port_info 21 /OUTPUT 1 "rf_we";
P_0x6548dd342790 .param/l "DEC" 1 5 50, C4<001>;
P_0x6548dd3427d0 .param/l "IDLE" 1 5 49, C4<000>;
P_0x6548dd342810 .param/l "ISSUE" 1 5 51, C4<010>;
P_0x6548dd342850 .param/l "WB" 1 5 52, C4<011>;
v0x6548dd340df0_0 .net "alu_rd", 4 0, v0x6548dd368ec0_0;  alias, 1 drivers
v0x6548dd333f00_0 .net "alu_rd_valid", 0 0, v0x6548dd368fa0_0;  alias, 1 drivers
v0x6548dd334000_0 .net "alu_result", 31 0, v0x6548dd369040_0;  alias, 1 drivers
v0x6548dd340260_0 .net "clk", 0 0, v0x6548dd36f0a0_0;  alias, 1 drivers
v0x6548dd340330_0 .var "dec_inst", 31 0;
v0x6548dd34ab70_0 .var "dec_inst_valid", 0 0;
v0x6548dd3671a0_0 .var "dec_rf_rdata1", 31 0;
v0x6548dd367280_0 .var "dec_rf_rdata2", 31 0;
v0x6548dd367360_0 .var "func", 3 0;
v0x6548dd367440_0 .var "imm", 15 0;
v0x6548dd367520_0 .net "inst", 31 0, v0x6548dd36a2e0_0;  alias, 1 drivers
v0x6548dd367600_0 .var "inst_ready", 0 0;
v0x6548dd3676c0_0 .net "inst_valid", 0 0, v0x6548dd36a4a0_0;  alias, 1 drivers
v0x6548dd367780_0 .net "lsu_rd", 4 0, v0x6548dd36b180_0;  alias, 1 drivers
v0x6548dd367860_0 .net "lsu_rd_valid", 0 0, v0x6548dd36b240_0;  alias, 1 drivers
v0x6548dd367920_0 .net "lsu_result", 31 0, v0x6548dd36b340_0;  alias, 1 drivers
v0x6548dd367a00_0 .var "offset", 7 0;
v0x6548dd367ae0_0 .var "opcode", 7 0;
v0x6548dd367bc0_0 .var "rd", 4 0;
v0x6548dd367ca0_0 .var "rf_raddr1", 4 0;
v0x6548dd367d80_0 .var "rf_raddr2", 4 0;
v0x6548dd367e60_0 .net "rf_rdata1", 31 0, v0x6548dd36bdc0_0;  alias, 1 drivers
v0x6548dd367f40_0 .net "rf_rdata2", 31 0, v0x6548dd36be60_0;  alias, 1 drivers
v0x6548dd368020_0 .var "rf_waddr", 4 0;
v0x6548dd368100_0 .var "rf_wdata", 31 0;
v0x6548dd3681e0_0 .var "rf_we", 0 0;
v0x6548dd3682a0_0 .var "rs1", 4 0;
v0x6548dd368380_0 .var "rs2", 4 0;
v0x6548dd368460_0 .net "rst_n", 0 0, v0x6548dd36f770_0;  alias, 1 drivers
v0x6548dd368520_0 .var "state", 2 0;
E_0x6548dd30fed0/0 .event negedge, v0x6548dd368460_0;
E_0x6548dd30fed0/1 .event posedge, v0x6548dd340260_0;
E_0x6548dd30fed0 .event/or E_0x6548dd30fed0/0, E_0x6548dd30fed0/1;
E_0x6548dd2c6c40 .event anyedge, v0x6548dd367520_0;
S_0x6548dd3688c0 .scope module, "u_execute" "execute" 4 105, 6 6 0, S_0x6548dd366510;
 .timescale 0 0;
    .port_info 0 /INPUT 1 "clk";
    .port_info 1 /INPUT 1 "rst_n";
    .port_info 2 /INPUT 32 "inst";
    .port_info 3 /INPUT 1 "inst_valid";
    .port_info 4 /INPUT 32 "rf_rdata1";
    .port_info 5 /INPUT 32 "rf_rdata2";
    .port_info 6 /OUTPUT 32 "alu_result";
    .port_info 7 /OUTPUT 5 "alu_rd";
    .port_info 8 /OUTPUT 1 "alu_rd_valid";
P_0x6548dd368a70 .param/l "DEC" 1 6 30, C4<001>;
P_0x6548dd368ab0 .param/l "EXEC" 1 6 31, C4<010>;
P_0x6548dd368af0 .param/l "IDLE" 1 6 29, C4<000>;
P_0x6548dd368b30 .param/l "WB" 1 6 32, C4<011>;
v0x6548dd368ec0_0 .var "alu_rd", 4 0;
v0x6548dd368fa0_0 .var "alu_rd_valid", 0 0;
v0x6548dd369040_0 .var "alu_result", 31 0;
v0x6548dd3690e0_0 .net "clk", 0 0, v0x6548dd36f0a0_0;  alias, 1 drivers
v0x6548dd369180_0 .var "func", 3 0;
v0x6548dd369270_0 .var "imm", 15 0;
v0x6548dd369310_0 .net "inst", 31 0, v0x6548dd340330_0;  alias, 1 drivers
v0x6548dd3693d0_0 .net "inst_valid", 0 0, v0x6548dd34ab70_0;  alias, 1 drivers
v0x6548dd3694a0_0 .var "opcode", 7 0;
v0x6548dd369540_0 .var "operand1", 31 0;
v0x6548dd369620_0 .var "operand2", 31 0;
v0x6548dd369700_0 .var "rd", 4 0;
v0x6548dd3697e0_0 .net "rf_rdata1", 31 0, v0x6548dd3671a0_0;  alias, 1 drivers
v0x6548dd3698d0_0 .net "rf_rdata2", 31 0, v0x6548dd367280_0;  alias, 1 drivers
v0x6548dd3699a0_0 .net "rst_n", 0 0, v0x6548dd36f770_0;  alias, 1 drivers
v0x6548dd369a70_0 .var "state", 3 0;
E_0x6548dd34d820 .event anyedge, v0x6548dd3671a0_0, v0x6548dd3694a0_0, v0x6548dd369270_0, v0x6548dd367280_0;
E_0x6548dd34d860 .event anyedge, v0x6548dd340330_0;
S_0x6548dd369c30 .scope module, "u_fetch" "fetch" 4 63, 7 6 0, S_0x6548dd366510;
 .timescale 0 0;
    .port_info 0 /INPUT 1 "clk";
    .port_info 1 /INPUT 1 "rst_n";
    .port_info 2 /INPUT 32 "start_addr";
    .port_info 3 /INPUT 1 "start";
    .port_info 4 /OUTPUT 32 "pc";
    .port_info 5 /OUTPUT 32 "inst";
    .port_info 6 /OUTPUT 1 "inst_valid";
    .port_info 7 /INPUT 1 "inst_ready";
    .port_info 8 /OUTPUT 32 "mem_addr";
    .port_info 9 /INPUT 32 "mem_rdata";
    .port_info 10 /OUTPUT 1 "mem_req";
    .port_info 11 /INPUT 1 "mem_ack";
P_0x6548dd369df0 .param/l "IDLE" 1 7 32, C4<00>;
P_0x6548dd369e30 .param/l "OUT" 1 7 35, C4<11>;
P_0x6548dd369e70 .param/l "REQ" 1 7 33, C4<01>;
P_0x6548dd369eb0 .param/l "WAIT" 1 7 34, C4<10>;
v0x6548dd36a1f0_0 .net "clk", 0 0, v0x6548dd36f0a0_0;  alias, 1 drivers
v0x6548dd36a2e0_0 .var "inst", 31 0;
v0x6548dd36a3a0_0 .net "inst_ready", 0 0, v0x6548dd367600_0;  alias, 1 drivers
v0x6548dd36a4a0_0 .var "inst_valid", 0 0;
v0x6548dd36a570_0 .net "mem_ack", 0 0, L_0x6548dd2e3ec0;  alias, 1 drivers
v0x6548dd36a660_0 .var "mem_addr", 31 0;
v0x6548dd36a700_0 .net "mem_rdata", 31 0, L_0x6548dd340140;  alias, 1 drivers
v0x6548dd36a7c0_0 .var "mem_req", 0 0;
v0x6548dd36a880_0 .var "next_pc", 31 0;
v0x6548dd36a960_0 .var "pc", 31 0;
v0x6548dd36aa40_0 .net "rst_n", 0 0, v0x6548dd36f770_0;  alias, 1 drivers
v0x6548dd36aae0_0 .net "start", 0 0, L_0x6548dd344f00;  1 drivers
v0x6548dd36aba0_0 .net "start_addr", 31 0, v0x6548dd36f8b0_0;  alias, 1 drivers
v0x6548dd36ac80_0 .var "state", 1 0;
S_0x6548dd36aee0 .scope module, "u_memory" "memory" 4 118, 8 6 0, S_0x6548dd366510;
 .timescale 0 0;
    .port_info 0 /INPUT 1 "clk";
    .port_info 1 /INPUT 1 "rst_n";
    .port_info 2 /OUTPUT 32 "lsu_result";
    .port_info 3 /OUTPUT 5 "lsu_rd";
    .port_info 4 /OUTPUT 1 "lsu_rd_valid";
v0x6548dd36b0c0_0 .net "clk", 0 0, v0x6548dd36f0a0_0;  alias, 1 drivers
v0x6548dd36b180_0 .var "lsu_rd", 4 0;
v0x6548dd36b240_0 .var "lsu_rd_valid", 0 0;
v0x6548dd36b340_0 .var "lsu_result", 31 0;
v0x6548dd36b410_0 .net "rst_n", 0 0, v0x6548dd36f770_0;  alias, 1 drivers
S_0x6548dd36b540 .scope module, "u_regfile" "regfile" 4 127, 9 6 0, S_0x6548dd366510;
 .timescale 0 0;
    .port_info 0 /INPUT 1 "clk";
    .port_info 1 /INPUT 1 "rst_n";
    .port_info 2 /INPUT 5 "raddr1";
    .port_info 3 /OUTPUT 32 "rdata1";
    .port_info 4 /INPUT 5 "raddr2";
    .port_info 5 /OUTPUT 32 "rdata2";
    .port_info 6 /INPUT 5 "waddr";
    .port_info 7 /INPUT 32 "wdata";
    .port_info 8 /INPUT 1 "we";
v0x6548dd36ba20_0 .net "clk", 0 0, v0x6548dd36f0a0_0;  alias, 1 drivers
v0x6548dd36bb70_0 .var/i "i", 31 0;
v0x6548dd36bc50_0 .net "raddr1", 4 0, v0x6548dd367ca0_0;  alias, 1 drivers
v0x6548dd36bcf0_0 .net "raddr2", 4 0, v0x6548dd367d80_0;  alias, 1 drivers
v0x6548dd36bdc0_0 .var "rdata1", 31 0;
v0x6548dd36be60_0 .var "rdata2", 31 0;
v0x6548dd36bf30 .array "regs", 31 0, 31 0;
v0x6548dd36c4e0_0 .net "rst_n", 0 0, v0x6548dd36f770_0;  alias, 1 drivers
v0x6548dd36c610_0 .net "waddr", 4 0, v0x6548dd368020_0;  alias, 1 drivers
v0x6548dd36c790_0 .net "wdata", 31 0, v0x6548dd368100_0;  alias, 1 drivers
v0x6548dd36c860_0 .net "we", 0 0, v0x6548dd3681e0_0;  alias, 1 drivers
v0x6548dd36bf30_0 .array/port v0x6548dd36bf30, 0;
v0x6548dd36bf30_1 .array/port v0x6548dd36bf30, 1;
v0x6548dd36bf30_2 .array/port v0x6548dd36bf30, 2;
E_0x6548dd36b8a0/0 .event anyedge, v0x6548dd367ca0_0, v0x6548dd36bf30_0, v0x6548dd36bf30_1, v0x6548dd36bf30_2;
v0x6548dd36bf30_3 .array/port v0x6548dd36bf30, 3;
v0x6548dd36bf30_4 .array/port v0x6548dd36bf30, 4;
v0x6548dd36bf30_5 .array/port v0x6548dd36bf30, 5;
v0x6548dd36bf30_6 .array/port v0x6548dd36bf30, 6;
E_0x6548dd36b8a0/1 .event anyedge, v0x6548dd36bf30_3, v0x6548dd36bf30_4, v0x6548dd36bf30_5, v0x6548dd36bf30_6;
v0x6548dd36bf30_7 .array/port v0x6548dd36bf30, 7;
v0x6548dd36bf30_8 .array/port v0x6548dd36bf30, 8;
v0x6548dd36bf30_9 .array/port v0x6548dd36bf30, 9;
v0x6548dd36bf30_10 .array/port v0x6548dd36bf30, 10;
E_0x6548dd36b8a0/2 .event anyedge, v0x6548dd36bf30_7, v0x6548dd36bf30_8, v0x6548dd36bf30_9, v0x6548dd36bf30_10;
v0x6548dd36bf30_11 .array/port v0x6548dd36bf30, 11;
v0x6548dd36bf30_12 .array/port v0x6548dd36bf30, 12;
v0x6548dd36bf30_13 .array/port v0x6548dd36bf30, 13;
v0x6548dd36bf30_14 .array/port v0x6548dd36bf30, 14;
E_0x6548dd36b8a0/3 .event anyedge, v0x6548dd36bf30_11, v0x6548dd36bf30_12, v0x6548dd36bf30_13, v0x6548dd36bf30_14;
v0x6548dd36bf30_15 .array/port v0x6548dd36bf30, 15;
v0x6548dd36bf30_16 .array/port v0x6548dd36bf30, 16;
v0x6548dd36bf30_17 .array/port v0x6548dd36bf30, 17;
v0x6548dd36bf30_18 .array/port v0x6548dd36bf30, 18;
E_0x6548dd36b8a0/4 .event anyedge, v0x6548dd36bf30_15, v0x6548dd36bf30_16, v0x6548dd36bf30_17, v0x6548dd36bf30_18;
v0x6548dd36bf30_19 .array/port v0x6548dd36bf30, 19;
v0x6548dd36bf30_20 .array/port v0x6548dd36bf30, 20;
v0x6548dd36bf30_21 .array/port v0x6548dd36bf30, 21;
v0x6548dd36bf30_22 .array/port v0x6548dd36bf30, 22;
E_0x6548dd36b8a0/5 .event anyedge, v0x6548dd36bf30_19, v0x6548dd36bf30_20, v0x6548dd36bf30_21, v0x6548dd36bf30_22;
v0x6548dd36bf30_23 .array/port v0x6548dd36bf30, 23;
v0x6548dd36bf30_24 .array/port v0x6548dd36bf30, 24;
v0x6548dd36bf30_25 .array/port v0x6548dd36bf30, 25;
v0x6548dd36bf30_26 .array/port v0x6548dd36bf30, 26;
E_0x6548dd36b8a0/6 .event anyedge, v0x6548dd36bf30_23, v0x6548dd36bf30_24, v0x6548dd36bf30_25, v0x6548dd36bf30_26;
v0x6548dd36bf30_27 .array/port v0x6548dd36bf30, 27;
v0x6548dd36bf30_28 .array/port v0x6548dd36bf30, 28;
v0x6548dd36bf30_29 .array/port v0x6548dd36bf30, 29;
v0x6548dd36bf30_30 .array/port v0x6548dd36bf30, 30;
E_0x6548dd36b8a0/7 .event anyedge, v0x6548dd36bf30_27, v0x6548dd36bf30_28, v0x6548dd36bf30_29, v0x6548dd36bf30_30;
v0x6548dd36bf30_31 .array/port v0x6548dd36bf30, 31;
E_0x6548dd36b8a0/8 .event anyedge, v0x6548dd36bf30_31, v0x6548dd367d80_0;
E_0x6548dd36b8a0 .event/or E_0x6548dd36b8a0/0, E_0x6548dd36b8a0/1, E_0x6548dd36b8a0/2, E_0x6548dd36b8a0/3, E_0x6548dd36b8a0/4, E_0x6548dd36b8a0/5, E_0x6548dd36b8a0/6, E_0x6548dd36b8a0/7, E_0x6548dd36b8a0/8;
    .scope S_0x6548dd369c30;
T_0 ;
    %wait E_0x6548dd30fed0;
    %load/vec4 v0x6548dd36aa40_0;
    %nor/r;
    %flag_set/vec4 8;
    %jmp/0xz  T_0.0, 8;
    %pushi/vec4 0, 0, 2;
    %assign/vec4 v0x6548dd36ac80_0, 0;
    %pushi/vec4 0, 0, 32;
    %assign/vec4 v0x6548dd36a960_0, 0;
    %pushi/vec4 0, 0, 32;
    %assign/vec4 v0x6548dd36a880_0, 0;
    %pushi/vec4 0, 0, 32;
    %assign/vec4 v0x6548dd36a2e0_0, 0;
    %pushi/vec4 0, 0, 1;
    %assign/vec4 v0x6548dd36a4a0_0, 0;
    %pushi/vec4 0, 0, 32;
    %assign/vec4 v0x6548dd36a660_0, 0;
    %pushi/vec4 0, 0, 1;
    %assign/vec4 v0x6548dd36a7c0_0, 0;
    %jmp T_0.1;
T_0.0 ;
    %load/vec4 v0x6548dd36ac80_0;
    %dup/vec4;
    %pushi/vec4 0, 0, 2;
    %cmp/u;
    %jmp/1 T_0.2, 6;
    %dup/vec4;
    %pushi/vec4 1, 0, 2;
    %cmp/u;
    %jmp/1 T_0.3, 6;
    %dup/vec4;
    %pushi/vec4 2, 0, 2;
    %cmp/u;
    %jmp/1 T_0.4, 6;
    %dup/vec4;
    %pushi/vec4 3, 0, 2;
    %cmp/u;
    %jmp/1 T_0.5, 6;
    %pushi/vec4 0, 0, 2;
    %assign/vec4 v0x6548dd36ac80_0, 0;
    %jmp T_0.7;
T_0.2 ;
    %pushi/vec4 0, 0, 1;
    %assign/vec4 v0x6548dd36a4a0_0, 0;
    %pushi/vec4 0, 0, 1;
    %assign/vec4 v0x6548dd36a7c0_0, 0;
    %load/vec4 v0x6548dd36aae0_0;
    %flag_set/vec4 8;
    %jmp/0xz  T_0.8, 8;
    %load/vec4 v0x6548dd36aba0_0;
    %assign/vec4 v0x6548dd36a960_0, 0;
    %load/vec4 v0x6548dd36aba0_0;
    %addi 4, 0, 32;
    %assign/vec4 v0x6548dd36a880_0, 0;
    %pushi/vec4 1, 0, 2;
    %assign/vec4 v0x6548dd36ac80_0, 0;
T_0.8 ;
    %jmp T_0.7;
T_0.3 ;
    %load/vec4 v0x6548dd36a960_0;
    %assign/vec4 v0x6548dd36a660_0, 0;
    %pushi/vec4 1, 0, 1;
    %assign/vec4 v0x6548dd36a7c0_0, 0;
    %pushi/vec4 2, 0, 2;
    %assign/vec4 v0x6548dd36ac80_0, 0;
    %jmp T_0.7;
T_0.4 ;
    %pushi/vec4 0, 0, 1;
    %assign/vec4 v0x6548dd36a7c0_0, 0;
    %load/vec4 v0x6548dd36a570_0;
    %flag_set/vec4 8;
    %jmp/0xz  T_0.10, 8;
    %load/vec4 v0x6548dd36a700_0;
    %assign/vec4 v0x6548dd36a2e0_0, 0;
    %pushi/vec4 3, 0, 2;
    %assign/vec4 v0x6548dd36ac80_0, 0;
T_0.10 ;
    %jmp T_0.7;
T_0.5 ;
    %pushi/vec4 1, 0, 1;
    %assign/vec4 v0x6548dd36a4a0_0, 0;
    %load/vec4 v0x6548dd36a3a0_0;
    %flag_set/vec4 8;
    %jmp/0xz  T_0.12, 8;
    %load/vec4 v0x6548dd36a880_0;
    %assign/vec4 v0x6548dd36a960_0, 0;
    %load/vec4 v0x6548dd36a880_0;
    %addi 4, 0, 32;
    %assign/vec4 v0x6548dd36a880_0, 0;
    %pushi/vec4 0, 0, 1;
    %assign/vec4 v0x6548dd36a4a0_0, 0;
    %pushi/vec4 1, 0, 2;
    %assign/vec4 v0x6548dd36ac80_0, 0;
T_0.12 ;
    %jmp T_0.7;
T_0.7 ;
    %pop/vec4 1;
T_0.1 ;
    %jmp T_0;
    .thread T_0;
    .scope S_0x6548dd366a10;
T_1 ;
    %wait E_0x6548dd2c6c40;
    %load/vec4 v0x6548dd367520_0;
    %parti/s 8, 24, 6;
    %store/vec4 v0x6548dd367ae0_0, 0, 8;
    %load/vec4 v0x6548dd367520_0;
    %parti/s 5, 19, 6;
    %store/vec4 v0x6548dd367bc0_0, 0, 5;
    %load/vec4 v0x6548dd367520_0;
    %parti/s 5, 14, 5;
    %store/vec4 v0x6548dd3682a0_0, 0, 5;
    %load/vec4 v0x6548dd367520_0;
    %parti/s 5, 9, 5;
    %store/vec4 v0x6548dd368380_0, 0, 5;
    %load/vec4 v0x6548dd367520_0;
    %parti/s 4, 10, 5;
    %store/vec4 v0x6548dd367360_0, 0, 4;
    %load/vec4 v0x6548dd367520_0;
    %parti/s 8, 0, 2;
    %store/vec4 v0x6548dd367a00_0, 0, 8;
    %load/vec4 v0x6548dd367520_0;
    %parti/s 16, 0, 2;
    %store/vec4 v0x6548dd367440_0, 0, 16;
    %jmp T_1;
    .thread T_1, $push;
    .scope S_0x6548dd366a10;
T_2 ;
    %wait E_0x6548dd30fed0;
    %load/vec4 v0x6548dd368460_0;
    %nor/r;
    %flag_set/vec4 8;
    %jmp/0xz  T_2.0, 8;
    %pushi/vec4 0, 0, 3;
    %assign/vec4 v0x6548dd368520_0, 0;
    %pushi/vec4 0, 0, 1;
    %assign/vec4 v0x6548dd367600_0, 0;
    %pushi/vec4 0, 0, 5;
    %assign/vec4 v0x6548dd367ca0_0, 0;
    %pushi/vec4 0, 0, 5;
    %assign/vec4 v0x6548dd367d80_0, 0;
    %pushi/vec4 0, 0, 32;
    %assign/vec4 v0x6548dd340330_0, 0;
    %pushi/vec4 0, 0, 1;
    %assign/vec4 v0x6548dd34ab70_0, 0;
    %pushi/vec4 0, 0, 32;
    %assign/vec4 v0x6548dd3671a0_0, 0;
    %pushi/vec4 0, 0, 32;
    %assign/vec4 v0x6548dd367280_0, 0;
    %pushi/vec4 0, 0, 32;
    %assign/vec4 v0x6548dd368100_0, 0;
    %pushi/vec4 0, 0, 5;
    %assign/vec4 v0x6548dd368020_0, 0;
    %pushi/vec4 0, 0, 1;
    %assign/vec4 v0x6548dd3681e0_0, 0;
    %jmp T_2.1;
T_2.0 ;
    %load/vec4 v0x6548dd368520_0;
    %dup/vec4;
    %pushi/vec4 0, 0, 3;
    %cmp/u;
    %jmp/1 T_2.2, 6;
    %dup/vec4;
    %pushi/vec4 1, 0, 3;
    %cmp/u;
    %jmp/1 T_2.3, 6;
    %dup/vec4;
    %pushi/vec4 2, 0, 3;
    %cmp/u;
    %jmp/1 T_2.4, 6;
    %dup/vec4;
    %pushi/vec4 3, 0, 3;
    %cmp/u;
    %jmp/1 T_2.5, 6;
    %pushi/vec4 0, 0, 3;
    %assign/vec4 v0x6548dd368520_0, 0;
    %jmp T_2.7;
T_2.2 ;
    %pushi/vec4 0, 0, 1;
    %assign/vec4 v0x6548dd3681e0_0, 0;
    %pushi/vec4 0, 0, 1;
    %assign/vec4 v0x6548dd34ab70_0, 0;
    %load/vec4 v0x6548dd3676c0_0;
    %flag_set/vec4 8;
    %jmp/0xz  T_2.8, 8;
    %load/vec4 v0x6548dd3682a0_0;
    %assign/vec4 v0x6548dd367ca0_0, 0;
    %load/vec4 v0x6548dd368380_0;
    %assign/vec4 v0x6548dd367d80_0, 0;
    %pushi/vec4 1, 0, 1;
    %assign/vec4 v0x6548dd367600_0, 0;
    %pushi/vec4 1, 0, 3;
    %assign/vec4 v0x6548dd368520_0, 0;
T_2.8 ;
    %jmp T_2.7;
T_2.3 ;
    %pushi/vec4 0, 0, 1;
    %assign/vec4 v0x6548dd367600_0, 0;
    %pushi/vec4 2, 0, 3;
    %assign/vec4 v0x6548dd368520_0, 0;
    %jmp T_2.7;
T_2.4 ;
    %load/vec4 v0x6548dd367520_0;
    %assign/vec4 v0x6548dd340330_0, 0;
    %pushi/vec4 1, 0, 1;
    %assign/vec4 v0x6548dd34ab70_0, 0;
    %load/vec4 v0x6548dd367e60_0;
    %assign/vec4 v0x6548dd3671a0_0, 0;
    %load/vec4 v0x6548dd367f40_0;
    %assign/vec4 v0x6548dd367280_0, 0;
    %pushi/vec4 3, 0, 3;
    %assign/vec4 v0x6548dd368520_0, 0;
    %jmp T_2.7;
T_2.5 ;
    %pushi/vec4 0, 0, 1;
    %assign/vec4 v0x6548dd34ab70_0, 0;
    %load/vec4 v0x6548dd333f00_0;
    %flag_set/vec4 8;
    %jmp/0xz  T_2.10, 8;
    %load/vec4 v0x6548dd340df0_0;
    %assign/vec4 v0x6548dd368020_0, 0;
    %load/vec4 v0x6548dd334000_0;
    %assign/vec4 v0x6548dd368100_0, 0;
    %pushi/vec4 1, 0, 1;
    %assign/vec4 v0x6548dd3681e0_0, 0;
    %jmp T_2.11;
T_2.10 ;
    %load/vec4 v0x6548dd367860_0;
    %flag_set/vec4 8;
    %jmp/0xz  T_2.12, 8;
    %load/vec4 v0x6548dd367780_0;
    %assign/vec4 v0x6548dd368020_0, 0;
    %load/vec4 v0x6548dd367920_0;
    %assign/vec4 v0x6548dd368100_0, 0;
    %pushi/vec4 1, 0, 1;
    %assign/vec4 v0x6548dd3681e0_0, 0;
    %jmp T_2.13;
T_2.12 ;
    %pushi/vec4 0, 0, 1;
    %assign/vec4 v0x6548dd3681e0_0, 0;
T_2.13 ;
T_2.11 ;
    %pushi/vec4 0, 0, 3;
    %assign/vec4 v0x6548dd368520_0, 0;
    %jmp T_2.7;
T_2.7 ;
    %pop/vec4 1;
T_2.1 ;
    %jmp T_2;
    .thread T_2;
    .scope S_0x6548dd3688c0;
T_3 ;
    %wait E_0x6548dd34d860;
    %load/vec4 v0x6548dd369310_0;
    %parti/s 8, 24, 6;
    %store/vec4 v0x6548dd3694a0_0, 0, 8;
    %load/vec4 v0x6548dd369310_0;
    %parti/s 5, 19, 6;
    %store/vec4 v0x6548dd369700_0, 0, 5;
    %load/vec4 v0x6548dd369310_0;
    %parti/s 4, 10, 5;
    %store/vec4 v0x6548dd369180_0, 0, 4;
    %load/vec4 v0x6548dd369310_0;
    %parti/s 16, 0, 2;
    %store/vec4 v0x6548dd369270_0, 0, 16;
    %jmp T_3;
    .thread T_3, $push;
    .scope S_0x6548dd3688c0;
T_4 ;
    %wait E_0x6548dd34d820;
    %load/vec4 v0x6548dd3697e0_0;
    %store/vec4 v0x6548dd369540_0, 0, 32;
    %load/vec4 v0x6548dd3694a0_0;
    %parti/s 1, 7, 4;
    %cmpi/e 1, 0, 1;
    %flag_mov 8, 4;
    %jmp/0 T_4.0, 8;
    %load/vec4 v0x6548dd369270_0;
    %parti/s 1, 15, 5;
    %replicate 16;
    %load/vec4 v0x6548dd369270_0;
    %concat/vec4; draw_concat_vec4
    %jmp/1 T_4.1, 8;
T_4.0 ; End of true expr.
    %load/vec4 v0x6548dd3698d0_0;
    %jmp/0 T_4.1, 8;
 ; End of false expr.
    %blend;
T_4.1;
    %store/vec4 v0x6548dd369620_0, 0, 32;
    %jmp T_4;
    .thread T_4, $push;
    .scope S_0x6548dd3688c0;
T_5 ;
    %wait E_0x6548dd30fed0;
    %load/vec4 v0x6548dd3699a0_0;
    %nor/r;
    %flag_set/vec4 8;
    %jmp/0xz  T_5.0, 8;
    %pushi/vec4 0, 0, 32;
    %assign/vec4 v0x6548dd369040_0, 0;
    %pushi/vec4 0, 0, 5;
    %assign/vec4 v0x6548dd368ec0_0, 0;
    %pushi/vec4 0, 0, 1;
    %assign/vec4 v0x6548dd368fa0_0, 0;
    %pushi/vec4 0, 0, 4;
    %assign/vec4 v0x6548dd369a70_0, 0;
    %jmp T_5.1;
T_5.0 ;
    %load/vec4 v0x6548dd369a70_0;
    %dup/vec4;
    %pushi/vec4 0, 0, 4;
    %cmp/u;
    %jmp/1 T_5.2, 6;
    %dup/vec4;
    %pushi/vec4 1, 0, 4;
    %cmp/u;
    %jmp/1 T_5.3, 6;
    %dup/vec4;
    %pushi/vec4 2, 0, 4;
    %cmp/u;
    %jmp/1 T_5.4, 6;
    %dup/vec4;
    %pushi/vec4 3, 0, 4;
    %cmp/u;
    %jmp/1 T_5.5, 6;
    %pushi/vec4 0, 0, 4;
    %assign/vec4 v0x6548dd369a70_0, 0;
    %jmp T_5.7;
T_5.2 ;
    %pushi/vec4 0, 0, 1;
    %assign/vec4 v0x6548dd368fa0_0, 0;
    %load/vec4 v0x6548dd3693d0_0;
    %flag_set/vec4 8;
    %jmp/0xz  T_5.8, 8;
    %pushi/vec4 1, 0, 4;
    %assign/vec4 v0x6548dd369a70_0, 0;
T_5.8 ;
    %jmp T_5.7;
T_5.3 ;
    %pushi/vec4 2, 0, 4;
    %assign/vec4 v0x6548dd369a70_0, 0;
    %jmp T_5.7;
T_5.4 ;
    %load/vec4 v0x6548dd3694a0_0;
    %dup/vec4;
    %pushi/vec4 1, 0, 8;
    %cmp/u;
    %jmp/1 T_5.10, 6;
    %dup/vec4;
    %pushi/vec4 2, 0, 8;
    %cmp/u;
    %jmp/1 T_5.11, 6;
    %dup/vec4;
    %pushi/vec4 3, 0, 8;
    %cmp/u;
    %jmp/1 T_5.12, 6;
    %dup/vec4;
    %pushi/vec4 4, 0, 8;
    %cmp/u;
    %jmp/1 T_5.13, 6;
    %dup/vec4;
    %pushi/vec4 5, 0, 8;
    %cmp/u;
    %jmp/1 T_5.14, 6;
    %dup/vec4;
    %pushi/vec4 17, 0, 8;
    %cmp/u;
    %jmp/1 T_5.15, 6;
    %dup/vec4;
    %pushi/vec4 18, 0, 8;
    %cmp/u;
    %jmp/1 T_5.16, 6;
    %dup/vec4;
    %pushi/vec4 19, 0, 8;
    %cmp/u;
    %jmp/1 T_5.17, 6;
    %dup/vec4;
    %pushi/vec4 20, 0, 8;
    %cmp/u;
    %jmp/1 T_5.18, 6;
    %dup/vec4;
    %pushi/vec4 33, 0, 8;
    %cmp/u;
    %jmp/1 T_5.19, 6;
    %dup/vec4;
    %pushi/vec4 34, 0, 8;
    %cmp/u;
    %jmp/1 T_5.20, 6;
    %dup/vec4;
    %pushi/vec4 35, 0, 8;
    %cmp/u;
    %jmp/1 T_5.21, 6;
    %dup/vec4;
    %pushi/vec4 49, 0, 8;
    %cmp/u;
    %jmp/1 T_5.22, 6;
    %dup/vec4;
    %pushi/vec4 50, 0, 8;
    %cmp/u;
    %jmp/1 T_5.23, 6;
    %dup/vec4;
    %pushi/vec4 51, 0, 8;
    %cmp/u;
    %jmp/1 T_5.24, 6;
    %dup/vec4;
    %pushi/vec4 52, 0, 8;
    %cmp/u;
    %jmp/1 T_5.25, 6;
    %dup/vec4;
    %pushi/vec4 53, 0, 8;
    %cmp/u;
    %jmp/1 T_5.26, 6;
    %dup/vec4;
    %pushi/vec4 54, 0, 8;
    %cmp/u;
    %jmp/1 T_5.27, 6;
    %dup/vec4;
    %pushi/vec4 65, 0, 8;
    %cmp/u;
    %jmp/1 T_5.28, 6;
    %dup/vec4;
    %pushi/vec4 66, 0, 8;
    %cmp/u;
    %jmp/1 T_5.29, 6;
    %dup/vec4;
    %pushi/vec4 81, 0, 8;
    %cmp/u;
    %jmp/1 T_5.30, 6;
    %pushi/vec4 0, 0, 32;
    %assign/vec4 v0x6548dd369040_0, 0;
    %jmp T_5.32;
T_5.10 ;
    %load/vec4 v0x6548dd369540_0;
    %load/vec4 v0x6548dd369620_0;
    %add;
    %assign/vec4 v0x6548dd369040_0, 0;
    %jmp T_5.32;
T_5.11 ;
    %load/vec4 v0x6548dd369540_0;
    %load/vec4 v0x6548dd369620_0;
    %sub;
    %assign/vec4 v0x6548dd369040_0, 0;
    %jmp T_5.32;
T_5.12 ;
    %load/vec4 v0x6548dd369540_0;
    %load/vec4 v0x6548dd369620_0;
    %mul;
    %assign/vec4 v0x6548dd369040_0, 0;
    %jmp T_5.32;
T_5.13 ;
    %load/vec4 v0x6548dd369540_0;
    %load/vec4 v0x6548dd369620_0;
    %div;
    %assign/vec4 v0x6548dd369040_0, 0;
    %jmp T_5.32;
T_5.14 ;
    %load/vec4 v0x6548dd369540_0;
    %load/vec4 v0x6548dd369620_0;
    %mod;
    %assign/vec4 v0x6548dd369040_0, 0;
    %jmp T_5.32;
T_5.15 ;
    %load/vec4 v0x6548dd369540_0;
    %load/vec4 v0x6548dd369620_0;
    %and;
    %assign/vec4 v0x6548dd369040_0, 0;
    %jmp T_5.32;
T_5.16 ;
    %load/vec4 v0x6548dd369540_0;
    %load/vec4 v0x6548dd369620_0;
    %or;
    %assign/vec4 v0x6548dd369040_0, 0;
    %jmp T_5.32;
T_5.17 ;
    %load/vec4 v0x6548dd369540_0;
    %load/vec4 v0x6548dd369620_0;
    %xor;
    %assign/vec4 v0x6548dd369040_0, 0;
    %jmp T_5.32;
T_5.18 ;
    %load/vec4 v0x6548dd369540_0;
    %inv;
    %assign/vec4 v0x6548dd369040_0, 0;
    %jmp T_5.32;
T_5.19 ;
    %load/vec4 v0x6548dd369540_0;
    %load/vec4 v0x6548dd369620_0;
    %parti/s 5, 0, 2;
    %ix/vec4 4;
    %shiftl 4;
    %assign/vec4 v0x6548dd369040_0, 0;
    %jmp T_5.32;
T_5.20 ;
    %load/vec4 v0x6548dd369540_0;
    %load/vec4 v0x6548dd369620_0;
    %parti/s 5, 0, 2;
    %ix/vec4 4;
    %shiftr 4;
    %assign/vec4 v0x6548dd369040_0, 0;
    %jmp T_5.32;
T_5.21 ;
    %load/vec4 v0x6548dd369540_0;
    %load/vec4 v0x6548dd369620_0;
    %parti/s 5, 0, 2;
    %ix/vec4 4;
    %shiftr/s 4;
    %assign/vec4 v0x6548dd369040_0, 0;
    %jmp T_5.32;
T_5.22 ;
    %load/vec4 v0x6548dd369540_0;
    %load/vec4 v0x6548dd369620_0;
    %cmp/e;
    %flag_mov 8, 4;
    %jmp/0 T_5.33, 8;
    %pushi/vec4 1, 0, 32;
    %jmp/1 T_5.34, 8;
T_5.33 ; End of true expr.
    %pushi/vec4 0, 0, 32;
    %jmp/0 T_5.34, 8;
 ; End of false expr.
    %blend;
T_5.34;
    %assign/vec4 v0x6548dd369040_0, 0;
    %jmp T_5.32;
T_5.23 ;
    %load/vec4 v0x6548dd369540_0;
    %load/vec4 v0x6548dd369620_0;
    %cmp/ne;
    %flag_mov 8, 4;
    %jmp/0 T_5.35, 8;
    %pushi/vec4 1, 0, 32;
    %jmp/1 T_5.36, 8;
T_5.35 ; End of true expr.
    %pushi/vec4 0, 0, 32;
    %jmp/0 T_5.36, 8;
 ; End of false expr.
    %blend;
T_5.36;
    %assign/vec4 v0x6548dd369040_0, 0;
    %jmp T_5.32;
T_5.24 ;
    %load/vec4 v0x6548dd369540_0;
    %load/vec4 v0x6548dd369620_0;
    %cmp/u;
    %flag_mov 8, 5;
    %jmp/0 T_5.37, 8;
    %pushi/vec4 1, 0, 32;
    %jmp/1 T_5.38, 8;
T_5.37 ; End of true expr.
    %pushi/vec4 0, 0, 32;
    %jmp/0 T_5.38, 8;
 ; End of false expr.
    %blend;
T_5.38;
    %assign/vec4 v0x6548dd369040_0, 0;
    %jmp T_5.32;
T_5.25 ;
    %load/vec4 v0x6548dd369540_0;
    %load/vec4 v0x6548dd369620_0;
    %cmp/u;
    %flag_or 5, 4;
    %flag_mov 8, 5;
    %jmp/0 T_5.39, 8;
    %pushi/vec4 1, 0, 32;
    %jmp/1 T_5.40, 8;
T_5.39 ; End of true expr.
    %pushi/vec4 0, 0, 32;
    %jmp/0 T_5.40, 8;
 ; End of false expr.
    %blend;
T_5.40;
    %assign/vec4 v0x6548dd369040_0, 0;
    %jmp T_5.32;
T_5.26 ;
    %load/vec4 v0x6548dd369620_0;
    %load/vec4 v0x6548dd369540_0;
    %cmp/u;
    %flag_mov 8, 5;
    %jmp/0 T_5.41, 8;
    %pushi/vec4 1, 0, 32;
    %jmp/1 T_5.42, 8;
T_5.41 ; End of true expr.
    %pushi/vec4 0, 0, 32;
    %jmp/0 T_5.42, 8;
 ; End of false expr.
    %blend;
T_5.42;
    %assign/vec4 v0x6548dd369040_0, 0;
    %jmp T_5.32;
T_5.27 ;
    %load/vec4 v0x6548dd369620_0;
    %load/vec4 v0x6548dd369540_0;
    %cmp/u;
    %flag_or 5, 4;
    %flag_mov 8, 5;
    %jmp/0 T_5.43, 8;
    %pushi/vec4 1, 0, 32;
    %jmp/1 T_5.44, 8;
T_5.43 ; End of true expr.
    %pushi/vec4 0, 0, 32;
    %jmp/0 T_5.44, 8;
 ; End of false expr.
    %blend;
T_5.44;
    %assign/vec4 v0x6548dd369040_0, 0;
    %jmp T_5.32;
T_5.28 ;
    %load/vec4 v0x6548dd369270_0;
    %parti/s 1, 15, 5;
    %replicate 16;
    %load/vec4 v0x6548dd369270_0;
    %concat/vec4; draw_concat_vec4
    %assign/vec4 v0x6548dd369040_0, 0;
    %jmp T_5.32;
T_5.29 ;
    %load/vec4 v0x6548dd369270_0;
    %concati/vec4 0, 0, 16;
    %assign/vec4 v0x6548dd369040_0, 0;
    %jmp T_5.32;
T_5.30 ;
    %load/vec4 v0x6548dd369540_0;
    %assign/vec4 v0x6548dd369040_0, 0;
    %jmp T_5.32;
T_5.32 ;
    %pop/vec4 1;
    %load/vec4 v0x6548dd369700_0;
    %assign/vec4 v0x6548dd368ec0_0, 0;
    %pushi/vec4 3, 0, 4;
    %assign/vec4 v0x6548dd369a70_0, 0;
    %jmp T_5.7;
T_5.5 ;
    %pushi/vec4 1, 0, 1;
    %assign/vec4 v0x6548dd368fa0_0, 0;
    %pushi/vec4 0, 0, 4;
    %assign/vec4 v0x6548dd369a70_0, 0;
    %jmp T_5.7;
T_5.7 ;
    %pop/vec4 1;
T_5.1 ;
    %jmp T_5;
    .thread T_5;
    .scope S_0x6548dd36aee0;
T_6 ;
    %wait E_0x6548dd30fed0;
    %load/vec4 v0x6548dd36b410_0;
    %nor/r;
    %flag_set/vec4 8;
    %jmp/0xz  T_6.0, 8;
    %pushi/vec4 0, 0, 32;
    %assign/vec4 v0x6548dd36b340_0, 0;
    %pushi/vec4 0, 0, 5;
    %assign/vec4 v0x6548dd36b180_0, 0;
    %pushi/vec4 0, 0, 1;
    %assign/vec4 v0x6548dd36b240_0, 0;
    %jmp T_6.1;
T_6.0 ;
    %pushi/vec4 0, 0, 1;
    %assign/vec4 v0x6548dd36b240_0, 0;
T_6.1 ;
    %jmp T_6;
    .thread T_6;
    .scope S_0x6548dd36b540;
T_7 ;
    %wait E_0x6548dd36b8a0;
    %load/vec4 v0x6548dd36bc50_0;
    %cmpi/e 0, 0, 5;
    %jmp/0xz  T_7.0, 4;
    %pushi/vec4 0, 0, 32;
    %store/vec4 v0x6548dd36bdc0_0, 0, 32;
    %jmp T_7.1;
T_7.0 ;
    %load/vec4 v0x6548dd36bc50_0;
    %pad/u 7;
    %ix/vec4 4;
    %load/vec4a v0x6548dd36bf30, 4;
    %store/vec4 v0x6548dd36bdc0_0, 0, 32;
T_7.1 ;
    %load/vec4 v0x6548dd36bcf0_0;
    %cmpi/e 0, 0, 5;
    %jmp/0xz  T_7.2, 4;
    %pushi/vec4 0, 0, 32;
    %store/vec4 v0x6548dd36be60_0, 0, 32;
    %jmp T_7.3;
T_7.2 ;
    %load/vec4 v0x6548dd36bcf0_0;
    %pad/u 7;
    %ix/vec4 4;
    %load/vec4a v0x6548dd36bf30, 4;
    %store/vec4 v0x6548dd36be60_0, 0, 32;
T_7.3 ;
    %jmp T_7;
    .thread T_7, $push;
    .scope S_0x6548dd36b540;
T_8 ;
    %wait E_0x6548dd30fed0;
    %load/vec4 v0x6548dd36c4e0_0;
    %nor/r;
    %flag_set/vec4 8;
    %jmp/0xz  T_8.0, 8;
    %pushi/vec4 0, 0, 32;
    %store/vec4 v0x6548dd36bb70_0, 0, 32;
T_8.2 ;
    %load/vec4 v0x6548dd36bb70_0;
    %cmpi/s 32, 0, 32;
    %jmp/0xz T_8.3, 5;
    %pushi/vec4 0, 0, 32;
    %ix/getv/s 3, v0x6548dd36bb70_0;
    %ix/load 4, 0, 0; Constant delay
    %assign/vec4/a/d v0x6548dd36bf30, 0, 4;
    %load/vec4 v0x6548dd36bb70_0;
    %addi 1, 0, 32;
    %store/vec4 v0x6548dd36bb70_0, 0, 32;
    %jmp T_8.2;
T_8.3 ;
    %jmp T_8.1;
T_8.0 ;
    %load/vec4 v0x6548dd36c860_0;
    %flag_set/vec4 9;
    %flag_get/vec4 9;
    %jmp/0 T_8.6, 9;
    %load/vec4 v0x6548dd36c610_0;
    %pushi/vec4 0, 0, 5;
    %cmp/ne;
    %flag_get/vec4 4;
    %and;
T_8.6;
    %flag_set/vec4 8;
    %jmp/0xz  T_8.4, 8;
    %load/vec4 v0x6548dd36c790_0;
    %load/vec4 v0x6548dd36c610_0;
    %pad/u 7;
    %ix/vec4 3;
    %ix/load 4, 0, 0; Constant delay
    %assign/vec4/a/d v0x6548dd36bf30, 0, 4;
T_8.4 ;
T_8.1 ;
    %jmp T_8;
    .thread T_8;
    .scope S_0x6548dd366510;
T_9 ;
    %wait E_0x6548dd30fed0;
    %load/vec4 v0x6548dd36ec40_0;
    %nor/r;
    %flag_set/vec4 8;
    %jmp/0xz  T_9.0, 8;
    %pushi/vec4 0, 0, 2;
    %assign/vec4 v0x6548dd36ee60_0, 0;
    %pushi/vec4 0, 0, 1;
    %assign/vec4 v0x6548dd36d480_0, 0;
    %jmp T_9.1;
T_9.0 ;
    %load/vec4 v0x6548dd36ee60_0;
    %dup/vec4;
    %pushi/vec4 0, 0, 2;
    %cmp/u;
    %jmp/1 T_9.2, 6;
    %dup/vec4;
    %pushi/vec4 1, 0, 2;
    %cmp/u;
    %jmp/1 T_9.3, 6;
    %dup/vec4;
    %pushi/vec4 2, 0, 2;
    %cmp/u;
    %jmp/1 T_9.4, 6;
    %pushi/vec4 0, 0, 2;
    %assign/vec4 v0x6548dd36ee60_0, 0;
    %jmp T_9.6;
T_9.2 ;
    %pushi/vec4 0, 0, 1;
    %assign/vec4 v0x6548dd36d480_0, 0;
    %load/vec4 v0x6548dd36ece0_0;
    %flag_set/vec4 8;
    %jmp/0xz  T_9.7, 8;
    %pushi/vec4 1, 0, 2;
    %assign/vec4 v0x6548dd36ee60_0, 0;
T_9.7 ;
    %jmp T_9.6;
T_9.3 ;
    %load/vec4 v0x6548dd36d740_0;
    %flag_set/vec4 9;
    %flag_get/vec4 9;
    %jmp/0 T_9.11, 9;
    %load/vec4 v0x6548dd36d540_0;
    %parti/s 8, 24, 6;
    %pushi/vec4 50, 0, 8;
    %cmp/e;
    %flag_get/vec4 4;
    %and;
T_9.11;
    %flag_set/vec4 8;
    %jmp/0xz  T_9.9, 8;
    %pushi/vec4 2, 0, 2;
    %assign/vec4 v0x6548dd36ee60_0, 0;
    %pushi/vec4 1, 0, 1;
    %assign/vec4 v0x6548dd36d480_0, 0;
T_9.9 ;
    %jmp T_9.6;
T_9.4 ;
    %load/vec4 v0x6548dd36ece0_0;
    %nor/r;
    %flag_set/vec4 8;
    %jmp/0xz  T_9.12, 8;
    %pushi/vec4 0, 0, 2;
    %assign/vec4 v0x6548dd36ee60_0, 0;
    %pushi/vec4 0, 0, 1;
    %assign/vec4 v0x6548dd36d480_0, 0;
T_9.12 ;
    %jmp T_9.6;
T_9.6 ;
    %pop/vec4 1;
T_9.1 ;
    %jmp T_9;
    .thread T_9;
    .scope S_0x6548dd2ea590;
T_10 ;
    %pushi/vec4 0, 0, 1;
    %store/vec4 v0x6548dd36f0a0_0, 0, 1;
T_10.0 ;
    %delay 5000, 0;
    %load/vec4 v0x6548dd36f0a0_0;
    %inv;
    %store/vec4 v0x6548dd36f0a0_0, 0, 1;
    %jmp T_10.0;
    %end;
    .thread T_10;
    .scope S_0x6548dd2ea590;
T_11 ;
    %wait E_0x6548dd310e10;
    %pushi/vec4 0, 0, 1;
    %assign/vec4 v0x6548dd36f2c0_0, 0;
    %load/vec4 v0x6548dd36f4f0_0;
    %flag_set/vec4 8;
    %jmp/0xz  T_11.0, 8;
    %load/vec4 v0x6548dd36f630_0;
    %nor/r;
    %flag_set/vec4 8;
    %jmp/0xz  T_11.2, 8;
    %load/vec4 v0x6548dd36f360_0;
    %parti/s 10, 2, 3;
    %pad/u 12;
    %ix/vec4 4;
    %load/vec4a v0x6548dd36f220, 4;
    %assign/vec4 v0x6548dd36f450_0, 0;
    %jmp T_11.3;
T_11.2 ;
    %load/vec4 v0x6548dd36f6d0_0;
    %parti/s 1, 0, 2;
    %flag_set/vec4 8;
    %jmp/0xz  T_11.4, 8;
    %load/vec4 v0x6548dd36f590_0;
    %parti/s 8, 0, 2;
    %load/vec4 v0x6548dd36f360_0;
    %parti/s 10, 2, 3;
    %pad/u 12;
    %ix/vec4 3;
    %ix/load 4, 0, 0; Constant delay
    %assign/vec4/a/d v0x6548dd36f220, 0, 4;
T_11.4 ;
    %load/vec4 v0x6548dd36f6d0_0;
    %parti/s 1, 1, 2;
    %flag_set/vec4 8;
    %jmp/0xz  T_11.6, 8;
    %load/vec4 v0x6548dd36f590_0;
    %parti/s 8, 8, 5;
    %load/vec4 v0x6548dd36f360_0;
    %parti/s 10, 2, 3;
    %pad/u 12;
    %ix/vec4 3;
    %ix/load 4, 8, 0; part off
    %ix/load 5, 0, 0; Constant delay
    %assign/vec4/a/d v0x6548dd36f220, 4, 5;
T_11.6 ;
    %load/vec4 v0x6548dd36f6d0_0;
    %parti/s 1, 2, 3;
    %flag_set/vec4 8;
    %jmp/0xz  T_11.8, 8;
    %load/vec4 v0x6548dd36f590_0;
    %parti/s 8, 16, 6;
    %load/vec4 v0x6548dd36f360_0;
    %parti/s 10, 2, 3;
    %pad/u 12;
    %ix/vec4 3;
    %ix/load 4, 16, 0; part off
    %ix/load 5, 0, 0; Constant delay
    %assign/vec4/a/d v0x6548dd36f220, 4, 5;
T_11.8 ;
    %load/vec4 v0x6548dd36f6d0_0;
    %parti/s 1, 3, 3;
    %flag_set/vec4 8;
    %jmp/0xz  T_11.10, 8;
    %load/vec4 v0x6548dd36f590_0;
    %parti/s 8, 24, 6;
    %load/vec4 v0x6548dd36f360_0;
    %parti/s 10, 2, 3;
    %pad/u 12;
    %ix/vec4 3;
    %ix/load 4, 24, 0; part off
    %ix/load 5, 0, 0; Constant delay
    %assign/vec4/a/d v0x6548dd36f220, 4, 5;
T_11.10 ;
T_11.3 ;
    %pushi/vec4 1, 0, 1;
    %assign/vec4 v0x6548dd36f2c0_0, 0;
T_11.0 ;
    %jmp T_11;
    .thread T_11;
    .scope S_0x6548dd2ea590;
T_12 ;
    %pushi/vec4 0, 0, 1;
    %store/vec4 v0x6548dd36f770_0, 0, 1;
    %pushi/vec4 0, 0, 1;
    %store/vec4 v0x6548dd36f810_0, 0, 1;
    %pushi/vec4 0, 0, 32;
    %store/vec4 v0x6548dd36f8b0_0, 0, 32;
    %pushi/vec4 138412033, 0, 32;
    %ix/load 4, 0, 0;
    %flag_set/imm 4, 0;
    %store/vec4a v0x6548dd36f220, 4, 0;
    %pushi/vec4 142606338, 0, 32;
    %ix/load 4, 1, 0;
    %flag_set/imm 4, 0;
    %store/vec4a v0x6548dd36f220, 4, 0;
    %pushi/vec4 146939904, 0, 32;
    %ix/load 4, 2, 0;
    %flag_set/imm 4, 0;
    %store/vec4a v0x6548dd36f220, 4, 0;
    %pushi/vec4 838860800, 0, 32;
    %ix/load 4, 3, 0;
    %flag_set/imm 4, 0;
    %store/vec4a v0x6548dd36f220, 4, 0;
    %delay 100000, 0;
    %pushi/vec4 1, 0, 1;
    %store/vec4 v0x6548dd36f770_0, 0, 1;
    %delay 100000, 0;
    %vpi_call/w 3 89 "$display", "Starting test..." {0 0 0};
    %pushi/vec4 1, 0, 1;
    %store/vec4 v0x6548dd36f810_0, 0, 1;
    %pushi/vec4 0, 0, 32;
    %store/vec4 v0x6548dd36f8b0_0, 0, 32;
    %delay 10000, 0;
    %pushi/vec4 0, 0, 1;
    %store/vec4 v0x6548dd36f810_0, 0, 1;
T_12.0 ;
    %load/vec4 v0x6548dd36f160_0;
    %cmpi/ne 1, 0, 1;
    %jmp/0xz T_12.1, 6;
    %wait E_0x6548dd311030;
    %jmp T_12.0;
T_12.1 ;
    %delay 100000, 0;
    %vpi_call/w 3 100 "$display", "Test completed!" {0 0 0};
    %vpi_call/w 3 101 "$display", "Register file r3 should be 3" {0 0 0};
    %vpi_call/w 3 104 "$display", "Memory contents:" {0 0 0};
    %fork t_1, S_0x6548dd2f9c70;
    %jmp t_0;
    .scope S_0x6548dd2f9c70;
t_1 ;
    %pushi/vec4 0, 0, 32;
    %store/vec4 v0x6548dd340d20_0, 0, 32;
T_12.2 ;
    %load/vec4 v0x6548dd340d20_0;
    %cmpi/s 4, 0, 32;
    %jmp/0xz T_12.3, 5;
    %vpi_call/w 3 106 "$display", "mem[%0d] = 0x%h", v0x6548dd340d20_0, &A<v0x6548dd36f220, v0x6548dd340d20_0 > {0 0 0};
    ; show_stmt_assign_vector: Get l-value for compressed += operand
    %load/vec4 v0x6548dd340d20_0;
    %pushi/vec4 1, 0, 32;
    %add;
    %cast2;
    %store/vec4 v0x6548dd340d20_0, 0, 32;
    %jmp T_12.2;
T_12.3 ;
    %end;
    .scope S_0x6548dd2ea590;
t_0 %join;
    %delay 100000, 0;
    %vpi_call/w 3 110 "$finish" {0 0 0};
    %end;
    .thread T_12;
    .scope S_0x6548dd2ea590;
T_13 ;
    %vpi_call/w 3 115 "$dumpfile", "sirius_tb.vcd" {0 0 0};
    %vpi_call/w 3 116 "$dumpvars", 32'sb00000000000000000000000000000000, S_0x6548dd2ea590 {0 0 0};
    %end;
    .thread T_13;
# The file index is used to find the file name in the following table.
:file_names 10;
    "N/A";
    "<interactive>";
    "-";
    "sirius_tb.sv";
    "integration.sv";
    "decode.sv";
    "execute.sv";
    "fetch.sv";
    "memory.sv";
    "regfile.sv";
